2020-06-02T05:19:52+00:00 WARN (4): [8192] The each() function is deprecated. This message will be suppressed on further calls (/var/www/html/application/libraries/PEAR/PEAR.php) [785]
Error Code: 44c0a4
Stack trace:
#0 /var/www/html/application/libraries/PEAR/PEAR.php(785): each(Array)
#1 (unknown file)(0): _PEAR_call_destructors()
#2 {main}

2020-06-02T05:20:05+00:00 WARN (4): [2] stat(): stat failed for /var/www/html/application/languages/en/album.csv (/var/www/html/application/libraries/Engine/Vfs/Adapter/System.php) [77]
Error Code: 8e31b2
Stack trace:
#0 /var/www/html/application/libraries/Engine/Vfs/Adapter/System.php(77): stat('/var/www/html/application/langua...')
#1 /var/www/html/application/libraries/Engine/Vfs/Adapter/Abstract.php(224): Engine_Vfs_Adapter_System->stat('/var/www/html/application/langua...')
#2 /var/www/html/install/controllers/ManageController.php(881): Engine_Vfs_Adapter_Abstract->info('/var/www/html/application/langua...')
#3 /var/www/html/application/libraries/Zend/Controller/Action.php(516): ManageController->permsAction()
#4 /var/www/html/application/libraries/Zend/Controller/Dispatcher/Standard.php(308): Zend_Controller_Action->dispatch('permsAction')
#5 /var/www/html/application/libraries/Zend/Controller/Front.php(954): Zend_Controller_Dispatcher_Standard->dispatch(Zend_Controller_Request_Http, Zend_Controller_Response_Http)
#6 /var/www/html/application/libraries/Zend/Application/Bootstrap/Bootstrap.php(105): Zend_Controller_Front->dispatch()
#7 /var/www/html/application/libraries/Zend/Application.php(384): Zend_Application_Bootstrap_Bootstrap->run()
#8 /var/www/html/install/index.php(92): Zend_Application->run()
#9 {main}

2020-06-02T05:20:05+00:00 WARN (4): [2] stat(): stat failed for /var/www/html/application/modules/Album/Api/Core.php (/var/www/html/application/libraries/Engine/Vfs/Adapter/System.php) [77]
Error Code: df27bc
Stack trace:
#0 /var/www/html/application/libraries/Engine/Vfs/Adapter/System.php(77): stat('/var/www/html/application/module...')
#1 /var/www/html/application/libraries/Engine/Vfs/Adapter/Abstract.php(224): Engine_Vfs_Adapter_System->stat('/var/www/html/application/module...')
#2 /var/www/html/install/controllers/ManageController.php(881): Engine_Vfs_Adapter_Abstract->info('/var/www/html/application/module...')
#3 /var/www/html/application/libraries/Zend/Controller/Action.php(516): ManageController->permsAction()
#4 /var/www/html/application/libraries/Zend/Controller/Dispatcher/Standard.php(308): Zend_Controller_Action->dispatch('permsAction')
#5 /var/www/html/application/libraries/Zend/Controller/Front.php(954): Zend_Controller_Dispatcher_Standard->dispatch(Zend_Controller_Request_Http, Zend_Controller_Response_Http)
#6 /var/www/html/application/libraries/Zend/Application/Bootstrap/Bootstrap.php(105): Zend_Controller_Front->dispatch()
#7 /var/www/html/application/libraries/Zend/Application.php(384): Zend_Application_Bootstrap_Bootstrap->run()
#8 /var/www/html/install/index.php(92): Zend_Application->run()
#9 {main}

2020-06-02T05:20:05+00:00 WARN (4): [2] stat(): stat failed for /var/www/html/application/modules/Album/Api (/var/www/html/application/libraries/Engine/Vfs/Adapter/System.php) [77]
Error Code: c70a8b
Stack trace:
#0 /var/www/html/application/libraries/Engine/Vfs/Adapter/System.php(77): stat('/var/www/html/application/module...')
#1 /var/www/html/application/libraries/Engine/Vfs/Adapter/Abstract.php(224): Engine_Vfs_Adapter_System->stat('/var/www/html/application/module...')
#2 /var/www/html/install/controllers/ManageController.php(881): Engine_Vfs_Adapter_Abstract->info('/var/www/html/application/module...')
#3 /var/www/html/application/libraries/Zend/Controller/Action.php(516): ManageController->permsAction()
#4 /var/www/html/application/libraries/Zend/Controller/Dispatcher/Standard.php(308): Zend_Controller_Action->dispatch('permsAction')
#5 /var/www/html/application/libraries/Zend/Controller/Front.php(954): Zend_Controller_Dispatcher_Standard->dispatch(Zend_Controller_Request_Http, Zend_Controller_Response_Http)
#6 /var/www/html/application/libraries/Zend/Application/Bootstrap/Bootstrap.php(105): Zend_Controller_Front->dispatch()
#7 /var/www/html/application/libraries/Zend/Application.php(384): Zend_Application_Bootstrap_Bootstrap->run()
#8 /var/www/html/install/index.php(92): Zend_Application->run()
#9 {main}

2020-06-02T05:20:05+00:00 WARN (4): [2] stat(): stat failed for /var/www/html/application/modules/Album (/var/www/html/application/libraries/Engine/Vfs/Adapter/System.php) [77]
Error Code: 8507dd
Stack trace:
#0 /var/www/html/application/libraries/Engine/Vfs/Adapter/System.php(77): stat('/var/www/html/application/module...')
#1 /var/www/html/application/libraries/Engine/Vfs/Adapter/Abstract.php(224): Engine_Vfs_Adapter_System->stat('/var/www/html/application/module...')
#2 /var/www/html/install/controllers/ManageController.php(881): Engine_Vfs_Adapter_Abstract->info('/var/www/html/application/module...')
#3 /var/www/html/application/libraries/Zend/Controller/Action.php(516): ManageController->permsAction()
#4 /var/www/html/application/libraries/Zend/Controller/Dispatcher/Standard.php(308): Zend_Controller_Action->dispatch('permsAction')
#5 /var/www/html/application/libraries/Zend/Controller/Front.php(954): Zend_Controller_Dispatcher_Standard->dispatch(Zend_Controller_Request_Http, Zend_Controller_Response_Http)
#6 /var/www/html/application/libraries/Zend/Application/Bootstrap/Bootstrap.php(105): Zend_Controller_Front->dispatch()
#7 /var/www/html/application/libraries/Zend/Application.php(384): Zend_Application_Bootstrap_Bootstrap->run()
#8 /var/www/html/install/index.php(92): Zend_Application->run()
#9 {main}

2020-06-02T05:20:05+00:00 WARN (4): [2] stat(): stat failed for /var/www/html/application/packages/module-album-4.10.5.json (/var/www/html/application/libraries/Engine/Vfs/Adapter/System.php) [77]
Error Code: 5893e7
Stack trace:
#0 /var/www/html/application/libraries/Engine/Vfs/Adapter/System.php(77): stat('/var/www/html/application/packag...')
#1 /var/www/html/application/libraries/Engine/Vfs/Adapter/Abstract.php(224): Engine_Vfs_Adapter_System->stat('/var/www/html/application/packag...')
#2 /var/www/html/install/controllers/ManageController.php(881): Engine_Vfs_Adapter_Abstract->info('/var/www/html/application/packag...')
#3 /var/www/html/application/libraries/Zend/Controller/Action.php(516): ManageController->permsAction()
#4 /var/www/html/application/libraries/Zend/Controller/Dispatcher/Standard.php(308): Zend_Controller_Action->dispatch('permsAction')
#5 /var/www/html/application/libraries/Zend/Controller/Front.php(954): Zend_Controller_Dispatcher_Standard->dispatch(Zend_Controller_Request_Http, Zend_Controller_Response_Http)
#6 /var/www/html/application/libraries/Zend/Application/Bootstrap/Bootstrap.php(105): Zend_Controller_Front->dispatch()
#7 /var/www/html/application/libraries/Zend/Application.php(384): Zend_Application_Bootstrap_Bootstrap->run()
#8 /var/www/html/install/index.php(92): Zend_Application->run()
#9 {main}

