2020-06-02T04:49:39+00:00 NOTICE (5): [8] Undefined index: recaptchaprivate (/var/www/html/application/modules/Core/layouts/scripts/default.tpl) [141]
Error Code: 2cddff
Stack trace:
#0 /var/www/html/application/libraries/Zend/View.php(157): include('/var/www/html/application/module...')
#1 /var/www/html/application/libraries/Zend/View/Abstract.php(888): Zend_View->_run('/var/www/html/application/module...')
#2 /var/www/html/application/libraries/Zend/Layout.php(796): Zend_View_Abstract->render()
#3 /var/www/html/application/libraries/Zend/Layout/Controller/Plugin/Layout.php(143): Zend_Layout->render()
#4 /var/www/html/application/libraries/Zend/Controller/Plugin/Broker.php(333): Zend_Layout_Controller_Plugin_Layout->postDispatch(Zend_Controller_Request_Http)
#5 /var/www/html/application/libraries/Zend/Controller/Front.php(965): Zend_Controller_Plugin_Broker->postDispatch(Zend_Controller_Request_Http)
#6 /var/www/html/application/modules/Core/Bootstrap.php(86): Zend_Controller_Front->dispatch()
#7 /var/www/html/application/libraries/Engine/Application.php(160): Core_Bootstrap->run()
#8 /var/www/html/application/index.php(223): Engine_Application->run()
#9 /var/www/html/boot.php(47): include('/var/www/html/application/index....')
#10 /var/www/html/index.php(24): Engine_Boot->boot()
#11 {main}

2020-06-02T04:49:39+00:00 NOTICE (5): [8] Undefined index: recaptchaprivatev3 (/var/www/html/application/modules/Core/layouts/scripts/default.tpl) [141]
Error Code: db1009
Stack trace:
#0 /var/www/html/application/libraries/Zend/View.php(157): include('/var/www/html/application/module...')
#1 /var/www/html/application/libraries/Zend/View/Abstract.php(888): Zend_View->_run('/var/www/html/application/module...')
#2 /var/www/html/application/libraries/Zend/Layout.php(796): Zend_View_Abstract->render()
#3 /var/www/html/application/libraries/Zend/Layout/Controller/Plugin/Layout.php(143): Zend_Layout->render()
#4 /var/www/html/application/libraries/Zend/Controller/Plugin/Broker.php(333): Zend_Layout_Controller_Plugin_Layout->postDispatch(Zend_Controller_Request_Http)
#5 /var/www/html/application/libraries/Zend/Controller/Front.php(965): Zend_Controller_Plugin_Broker->postDispatch(Zend_Controller_Request_Http)
#6 /var/www/html/application/modules/Core/Bootstrap.php(86): Zend_Controller_Front->dispatch()
#7 /var/www/html/application/libraries/Engine/Application.php(160): Core_Bootstrap->run()
#8 /var/www/html/application/index.php(223): Engine_Application->run()
#9 /var/www/html/boot.php(47): include('/var/www/html/application/index....')
#10 /var/www/html/index.php(24): Engine_Boot->boot()
#11 {main}

